<?xml version="1.0" encoding="UTF-8"?>
<!-- Generated by org.testng.reporters.JUnitReportReporter -->
<testsuite skipped="0" hostname="DESKTOP-4LAKRSV" name="pageObjMod.LoginPageTest" tests="1" failures="0" timestamp="2023-03-02T12:25:32 IST" time="7.956" errors="0">
  <testcase name="logCheck" time="7.956" classname="pageObjMod.LoginPageTest"/>
  <system-out/>
</testsuite> <!-- pageObjMod.LoginPageTest -->
