<?xml version="1.0" encoding="UTF-8"?>
<!-- Generated by org.testng.reporters.JUnitReportReporter -->
<testsuite skipped="0" hostname="DESKTOP-4LAKRSV" name="pageObjMod.FlightPageTest" tests="1" failures="0" timestamp="2023-03-02T13:48:08 IST" time="11.666" errors="0">
  <testcase name="reservationDetails" time="11.666" classname="pageObjMod.FlightPageTest"/>
  <system-out/>
</testsuite> <!-- pageObjMod.FlightPageTest -->
