<?xml version="1.0" encoding="UTF-8"?>
<!-- Generated by org.testng.reporters.JUnitReportReporter -->
<testsuite skipped="0" hostname="DESKTOP-4LAKRSV" name="pageObjMod.RegistrationTest" tests="1" failures="0" timestamp="2023-03-01T14:17:52 IST" time="15.326" errors="0">
  <testcase name="verifyFlightReg" time="15.326" classname="pageObjMod.RegistrationTest"/>
  <system-out/>
</testsuite> <!-- pageObjMod.RegistrationTest -->
